0 info it worked if it ends with ok
1 verbose cli [ 'node', '/usr/local/bin/npm', 'install', '-g', 'zerver' ]
2 info using npm@1.2.24
3 info using node@v0.10.9
4 verbose read json /usr/local/lib/package.json
5 verbose read json /usr/local/lib/package.json
6 verbose cache add [ 'zerver', null ]
7 verbose cache add name=undefined spec="zerver" args=["zerver",null]
8 verbose parsed url { protocol: null,
8 verbose parsed url   slashes: null,
8 verbose parsed url   auth: null,
8 verbose parsed url   host: null,
8 verbose parsed url   port: null,
8 verbose parsed url   hostname: null,
8 verbose parsed url   hash: null,
8 verbose parsed url   search: null,
8 verbose parsed url   query: null,
8 verbose parsed url   pathname: 'zerver',
8 verbose parsed url   path: 'zerver',
8 verbose parsed url   href: 'zerver' }
9 silly lockFile baf623cd-zerver zerver
10 verbose lock zerver /Users/robinsharma/.npm/baf623cd-zerver.lock
11 silly lockFile baf623cd-zerver zerver
12 silly lockFile baf623cd-zerver zerver
13 verbose addNamed [ 'zerver', '' ]
14 verbose addNamed [ null, '' ]
15 silly lockFile 38a05376-zerver zerver@
16 verbose lock zerver@ /Users/robinsharma/.npm/38a05376-zerver.lock
17 silly addNameRange { name: 'zerver', range: '', hasData: false }
18 verbose url raw zerver
19 verbose url resolving [ 'https://registry.npmjs.org/', './zerver' ]
20 verbose url resolved https://registry.npmjs.org/zerver
21 info trying registry request attempt 1 at 05:18:49
22 verbose etag "DTGAGKIH3HG2F7TTANVDGZD0L"
23 http GET https://registry.npmjs.org/zerver
24 http 200 https://registry.npmjs.org/zerver
25 silly registry.get cb [ 200,
25 silly registry.get   { vary: 'Accept',
25 silly registry.get     server: 'CouchDB/1.3.0 (Erlang OTP/R15B03)',
25 silly registry.get     etag: '"BAJ5NL7QPVD3ZQY7WC7I7V87D"',
25 silly registry.get     date: 'Sun, 02 Jun 2013 09:18:49 GMT',
25 silly registry.get     'content-type': 'application/json',
25 silly registry.get     'content-length': '549013' } ]
26 silly addNameRange number 2 { name: 'zerver', range: '', hasData: true }
27 silly addNameRange versions [ 'zerver',
27 silly addNameRange   [ '0.0.1',
27 silly addNameRange     '0.0.4',
27 silly addNameRange     '0.0.5',
27 silly addNameRange     '0.0.6',
27 silly addNameRange     '0.0.7',
27 silly addNameRange     '0.0.8',
27 silly addNameRange     '0.0.9',
27 silly addNameRange     '0.0.10',
27 silly addNameRange     '0.0.11',
27 silly addNameRange     '0.0.12',
27 silly addNameRange     '0.0.13',
27 silly addNameRange     '0.0.14',
27 silly addNameRange     '0.0.15',
27 silly addNameRange     '0.0.16',
27 silly addNameRange     '0.0.17',
27 silly addNameRange     '0.0.18',
27 silly addNameRange     '0.0.19',
27 silly addNameRange     '0.0.20',
27 silly addNameRange     '0.0.21',
27 silly addNameRange     '0.0.22',
27 silly addNameRange     '0.0.23',
27 silly addNameRange     '0.0.24',
27 silly addNameRange     '0.1.0',
27 silly addNameRange     '0.2.0',
27 silly addNameRange     '0.2.1',
27 silly addNameRange     '0.2.2',
27 silly addNameRange     '0.2.3',
27 silly addNameRange     '0.2.4',
27 silly addNameRange     '0.3.0',
27 silly addNameRange     '0.3.1',
27 silly addNameRange     '0.3.2',
27 silly addNameRange     '0.3.3',
27 silly addNameRange     '0.3.4',
27 silly addNameRange     '0.4.0',
27 silly addNameRange     '0.4.1',
27 silly addNameRange     '0.4.2',
27 silly addNameRange     '0.4.3',
27 silly addNameRange     '0.4.4',
27 silly addNameRange     '0.4.5',
27 silly addNameRange     '0.4.6',
27 silly addNameRange     '0.4.7',
27 silly addNameRange     '0.5.0',
27 silly addNameRange     '0.5.2',
27 silly addNameRange     '0.5.3',
27 silly addNameRange     '0.5.4',
27 silly addNameRange     '0.5.5',
27 silly addNameRange     '0.5.6',
27 silly addNameRange     '0.6.0',
27 silly addNameRange     '0.6.1',
27 silly addNameRange     '0.6.2',
27 silly addNameRange     '0.6.3',
27 silly addNameRange     '0.6.4',
27 silly addNameRange     '0.6.5',
27 silly addNameRange     '0.6.6',
27 silly addNameRange     '0.6.7',
27 silly addNameRange     '0.6.8',
27 silly addNameRange     '0.6.9',
27 silly addNameRange     '0.6.10',
27 silly addNameRange     '0.6.11',
27 silly addNameRange     '0.6.12',
27 silly addNameRange     '0.6.13',
27 silly addNameRange     '0.6.14',
27 silly addNameRange     '0.6.15',
27 silly addNameRange     '0.7.0',
27 silly addNameRange     '0.7.1',
27 silly addNameRange     '0.7.2',
27 silly addNameRange     '0.7.3',
27 silly addNameRange     '0.7.4',
27 silly addNameRange     '0.7.5',
27 silly addNameRange     '0.7.6',
27 silly addNameRange     '0.7.7',
27 silly addNameRange     '0.7.8',
27 silly addNameRange     '0.7.9',
27 silly addNameRange     '0.7.10',
27 silly addNameRange     '0.7.11',
27 silly addNameRange     '0.7.12',
27 silly addNameRange     '0.7.13',
27 silly addNameRange     '0.7.14',
27 silly addNameRange     '0.8.0',
27 silly addNameRange     '0.8.1',
27 silly addNameRange     '0.8.3',
27 silly addNameRange     '0.8.4',
27 silly addNameRange     '0.8.5',
27 silly addNameRange     '0.8.6',
27 silly addNameRange     '0.8.7',
27 silly addNameRange     '0.9.0',
27 silly addNameRange     '0.9.1',
27 silly addNameRange     '0.9.2',
27 silly addNameRange     '0.9.3',
27 silly addNameRange     '0.9.4',
27 silly addNameRange     '0.9.5',
27 silly addNameRange     '0.9.7',
27 silly addNameRange     '0.9.8',
27 silly addNameRange     '0.9.9',
27 silly addNameRange     '0.9.10',
27 silly addNameRange     '0.9.11',
27 silly addNameRange     '0.10.0',
27 silly addNameRange     '0.10.1',
27 silly addNameRange     '0.10.2',
27 silly addNameRange     '0.10.3',
27 silly addNameRange     '0.11.0',
27 silly addNameRange     '0.11.1',
27 silly addNameRange     '0.11.2',
27 silly addNameRange     '0.11.3',
27 silly addNameRange     '0.11.4',
27 silly addNameRange     '0.11.5' ] ]
28 verbose addNamed [ 'zerver', '0.11.5' ]
29 verbose addNamed [ '0.11.5', '0.11.5' ]
30 silly lockFile 9e6edda2-zerver-0-11-5 zerver@0.11.5
31 verbose lock zerver@0.11.5 /Users/robinsharma/.npm/9e6edda2-zerver-0-11-5.lock
32 silly lockFile e3ea4148-mjs-org-zerver-zerver-0-11-5-tgz https://registry.npmjs.org/zerver/-/zerver-0.11.5.tgz
33 verbose lock https://registry.npmjs.org/zerver/-/zerver-0.11.5.tgz /Users/robinsharma/.npm/e3ea4148-mjs-org-zerver-zerver-0-11-5-tgz.lock
34 verbose addRemoteTarball [ 'https://registry.npmjs.org/zerver/-/zerver-0.11.5.tgz',
34 verbose addRemoteTarball   '1fcd18e9c7ca033e1b0d40402c83508c5a459a0e' ]
35 info retry fetch attempt 1 at 05:18:51
36 verbose fetch to= /var/folders/gw/y1px08b12ysc21c4fvzkkklm0000gn/T/npm-10038/1370164731297-0.06553559051826596/tmp.tgz
37 http GET https://registry.npmjs.org/zerver/-/zerver-0.11.5.tgz
38 http 200 https://registry.npmjs.org/zerver/-/zerver-0.11.5.tgz
39 verbose tar unpack /var/folders/gw/y1px08b12ysc21c4fvzkkklm0000gn/T/npm-10038/1370164731297-0.06553559051826596/tmp.tgz
40 silly lockFile 6b341ac1-1297-0-06553559051826596-package /var/folders/gw/y1px08b12ysc21c4fvzkkklm0000gn/T/npm-10038/1370164731297-0.06553559051826596/package
41 verbose lock /var/folders/gw/y1px08b12ysc21c4fvzkkklm0000gn/T/npm-10038/1370164731297-0.06553559051826596/package /Users/robinsharma/.npm/6b341ac1-1297-0-06553559051826596-package.lock
42 silly lockFile c028b694-1297-0-06553559051826596-tmp-tgz /var/folders/gw/y1px08b12ysc21c4fvzkkklm0000gn/T/npm-10038/1370164731297-0.06553559051826596/tmp.tgz
43 verbose lock /var/folders/gw/y1px08b12ysc21c4fvzkkklm0000gn/T/npm-10038/1370164731297-0.06553559051826596/tmp.tgz /Users/robinsharma/.npm/c028b694-1297-0-06553559051826596-tmp-tgz.lock
44 silly gunzTarPerm modes [ '755', '644' ]
45 silly gunzTarPerm extractEntry .npmignore
46 silly gunzTarPerm extractEntry apis.js
47 silly gunzTarPerm extractEntry clean-css.js
48 silly gunzTarPerm extractEntry client.js
49 silly gunzTarPerm extractEntry debug.js
50 silly gunzTarPerm extractEntry examples/
51 silly gunzTarPerm extractEntry examples/basic-app/
52 silly gunzTarPerm extractEntry examples/basic-app/index.html
53 silly gunzTarPerm extractEntry examples/basic-app/test1.css
54 silly gunzTarPerm extractEntry examples/basic-app/test1.js
55 silly gunzTarPerm extractEntry examples/basic-app/test2.css
56 silly gunzTarPerm extractEntry examples/basic-app/test2.js
57 silly gunzTarPerm extractEntry examples/basic-app/zerver/
58 silly gunzTarPerm extractEntry examples/basic-app/zerver/MyAPI.js
59 silly gunzTarPerm extractEntry examples/express-app/
60 silly gunzTarPerm extractEntry examples/express-app/app.js
61 silly gunzTarPerm extractEntry examples/express-app/package.json
62 silly gunzTarPerm extractEntry examples/express-app/src/
63 silly gunzTarPerm extractEntry examples/express-app/src/index.html
64 silly gunzTarPerm extractEntry examples/express-app/zerver/
65 silly gunzTarPerm extractEntry examples/express-app/zerver/MyAPI.js
66 silly gunzTarPerm extractEntry flags.js
67 silly gunzTarPerm extractEntry nodeclient.js
68 silly gunzTarPerm extractEntry package.json
69 silly gunzTarPerm extractEntry README.md
70 silly gunzTarPerm extractEntry run.js
71 silly gunzTarPerm extractEntry stalker.js
72 silly gunzTarPerm extractEntry watcher.js
73 silly gunzTarPerm extractEntry zerver.js
74 verbose read json /var/folders/gw/y1px08b12ysc21c4fvzkkklm0000gn/T/npm-10038/1370164731297-0.06553559051826596/package/package.json
75 silly lockFile 6b341ac1-1297-0-06553559051826596-package /var/folders/gw/y1px08b12ysc21c4fvzkkklm0000gn/T/npm-10038/1370164731297-0.06553559051826596/package
76 silly lockFile 6b341ac1-1297-0-06553559051826596-package /var/folders/gw/y1px08b12ysc21c4fvzkkklm0000gn/T/npm-10038/1370164731297-0.06553559051826596/package
77 silly lockFile c028b694-1297-0-06553559051826596-tmp-tgz /var/folders/gw/y1px08b12ysc21c4fvzkkklm0000gn/T/npm-10038/1370164731297-0.06553559051826596/tmp.tgz
78 silly lockFile c028b694-1297-0-06553559051826596-tmp-tgz /var/folders/gw/y1px08b12ysc21c4fvzkkklm0000gn/T/npm-10038/1370164731297-0.06553559051826596/tmp.tgz
79 verbose from cache /var/folders/gw/y1px08b12ysc21c4fvzkkklm0000gn/T/npm-10038/1370164731297-0.06553559051826596/package/package.json
80 verbose tar pack [ '/Users/robinsharma/.npm/zerver/0.11.5/package.tgz',
80 verbose tar pack   '/var/folders/gw/y1px08b12ysc21c4fvzkkklm0000gn/T/npm-10038/1370164731297-0.06553559051826596/package' ]
81 verbose tarball /Users/robinsharma/.npm/zerver/0.11.5/package.tgz
82 verbose folder /var/folders/gw/y1px08b12ysc21c4fvzkkklm0000gn/T/npm-10038/1370164731297-0.06553559051826596/package
83 silly lockFile 6b341ac1-1297-0-06553559051826596-package /var/folders/gw/y1px08b12ysc21c4fvzkkklm0000gn/T/npm-10038/1370164731297-0.06553559051826596/package
84 verbose lock /var/folders/gw/y1px08b12ysc21c4fvzkkklm0000gn/T/npm-10038/1370164731297-0.06553559051826596/package /Users/robinsharma/.npm/6b341ac1-1297-0-06553559051826596-package.lock
85 silly lockFile b92111d4-ma-npm-zerver-0-11-5-package-tgz /Users/robinsharma/.npm/zerver/0.11.5/package.tgz
86 verbose lock /Users/robinsharma/.npm/zerver/0.11.5/package.tgz /Users/robinsharma/.npm/b92111d4-ma-npm-zerver-0-11-5-package-tgz.lock
87 silly lockFile 6b341ac1-1297-0-06553559051826596-package /var/folders/gw/y1px08b12ysc21c4fvzkkklm0000gn/T/npm-10038/1370164731297-0.06553559051826596/package
88 silly lockFile 6b341ac1-1297-0-06553559051826596-package /var/folders/gw/y1px08b12ysc21c4fvzkkklm0000gn/T/npm-10038/1370164731297-0.06553559051826596/package
89 silly lockFile b92111d4-ma-npm-zerver-0-11-5-package-tgz /Users/robinsharma/.npm/zerver/0.11.5/package.tgz
90 silly lockFile b92111d4-ma-npm-zerver-0-11-5-package-tgz /Users/robinsharma/.npm/zerver/0.11.5/package.tgz
91 silly lockFile 8a6e0290-sharma-npm-zerver-0-11-5-package /Users/robinsharma/.npm/zerver/0.11.5/package
92 verbose lock /Users/robinsharma/.npm/zerver/0.11.5/package /Users/robinsharma/.npm/8a6e0290-sharma-npm-zerver-0-11-5-package.lock
93 silly lockFile 8a6e0290-sharma-npm-zerver-0-11-5-package /Users/robinsharma/.npm/zerver/0.11.5/package
94 silly lockFile 8a6e0290-sharma-npm-zerver-0-11-5-package /Users/robinsharma/.npm/zerver/0.11.5/package
95 verbose tar unpack /Users/robinsharma/.npm/zerver/0.11.5/package.tgz
96 silly lockFile 8a6e0290-sharma-npm-zerver-0-11-5-package /Users/robinsharma/.npm/zerver/0.11.5/package
97 verbose lock /Users/robinsharma/.npm/zerver/0.11.5/package /Users/robinsharma/.npm/8a6e0290-sharma-npm-zerver-0-11-5-package.lock
98 silly lockFile b92111d4-ma-npm-zerver-0-11-5-package-tgz /Users/robinsharma/.npm/zerver/0.11.5/package.tgz
99 verbose lock /Users/robinsharma/.npm/zerver/0.11.5/package.tgz /Users/robinsharma/.npm/b92111d4-ma-npm-zerver-0-11-5-package-tgz.lock
100 silly gunzTarPerm modes [ '755', '644' ]
101 silly gunzTarPerm extractEntry package.json
102 silly gunzTarPerm extractEntry .npmignore
103 silly gunzTarPerm extractEntry README.md
104 silly gunzTarPerm extractEntry clean-css.js
105 silly gunzTarPerm extractEntry client.js
106 silly gunzTarPerm extractEntry debug.js
107 silly gunzTarPerm extractEntry apis.js
108 silly gunzTarPerm extractEntry nodeclient.js
109 silly gunzTarPerm extractEntry run.js
110 silly gunzTarPerm extractEntry stalker.js
111 silly gunzTarPerm extractEntry watcher.js
112 silly gunzTarPerm extractEntry zerver.js
113 silly gunzTarPerm extractEntry flags.js
114 silly gunzTarPerm extractEntry examples/basic-app/test1.js
115 silly gunzTarPerm extractEntry examples/basic-app/test2.js
116 silly gunzTarPerm extractEntry examples/basic-app/index.html
117 silly gunzTarPerm extractEntry examples/basic-app/test1.css
118 silly gunzTarPerm extractEntry examples/basic-app/test2.css
119 silly gunzTarPerm extractEntry examples/basic-app/zerver/MyAPI.js
120 silly gunzTarPerm extractEntry examples/express-app/package.json
121 silly gunzTarPerm extractEntry examples/express-app/app.js
122 silly gunzTarPerm extractEntry examples/express-app/src/index.html
123 silly gunzTarPerm extractEntry examples/express-app/zerver/MyAPI.js
124 verbose read json /Users/robinsharma/.npm/zerver/0.11.5/package/package.json
125 silly lockFile 8a6e0290-sharma-npm-zerver-0-11-5-package /Users/robinsharma/.npm/zerver/0.11.5/package
126 silly lockFile 8a6e0290-sharma-npm-zerver-0-11-5-package /Users/robinsharma/.npm/zerver/0.11.5/package
127 silly lockFile b92111d4-ma-npm-zerver-0-11-5-package-tgz /Users/robinsharma/.npm/zerver/0.11.5/package.tgz
128 silly lockFile b92111d4-ma-npm-zerver-0-11-5-package-tgz /Users/robinsharma/.npm/zerver/0.11.5/package.tgz
129 verbose from cache /Users/robinsharma/.npm/zerver/0.11.5/package/package.json
130 verbose chmod /Users/robinsharma/.npm/zerver/0.11.5/package.tgz 644
131 verbose chown /Users/robinsharma/.npm/zerver/0.11.5/package.tgz [ 501, 20 ]
132 silly lockFile e3ea4148-mjs-org-zerver-zerver-0-11-5-tgz https://registry.npmjs.org/zerver/-/zerver-0.11.5.tgz
133 silly lockFile e3ea4148-mjs-org-zerver-zerver-0-11-5-tgz https://registry.npmjs.org/zerver/-/zerver-0.11.5.tgz
134 silly lockFile 9e6edda2-zerver-0-11-5 zerver@0.11.5
135 silly lockFile 9e6edda2-zerver-0-11-5 zerver@0.11.5
136 silly lockFile 38a05376-zerver zerver@
137 silly lockFile 38a05376-zerver zerver@
138 silly resolved [ { author:
138 silly resolved      { name: 'Jairaj Sethi',
138 silly resolved        email: 'j@jairaj.org',
138 silly resolved        url: 'http://jairaj.org/' },
138 silly resolved     name: 'zerver',
138 silly resolved     description: 'client-integrated webapp server',
138 silly resolved     version: '0.11.5',
138 silly resolved     license: 'MIT',
138 silly resolved     repository: { type: 'git', url: 'git://github.com/jairajs89/zerver.git' },
138 silly resolved     engines: { node: '0.8.x' },
138 silly resolved     dependencies: { mime: '1.2.7', 'uglify-js': '1.3.4', less: '1.2.2' },
138 silly resolved     main: 'nodeclient.js',
138 silly resolved     bin: { zerver: 'run.js' },
138 silly resolved     readme: 'Zerver is a lightweight Node.js-based webserver that lets you seamlessly make server API calls as if they were a library on the client. The goal is to provide a developer-focused toolset and remove all the boilerplate involved in serving a webapp.\n\n### Install\n\n```sh\nnpm install -g zerver\n# or add zerver to your package.json dependencies\n```\n\n# Basic usage\n\nLet\'s say you have a directory of this structure.\n\n```\nwebsite-dir/index.html\nwebsite-dir/zerver/MyAPI.js\n```\n\nEverything in `website-dir` will be served as static content except for code in `zerver/` which will run on the server.\n\n```js\n// in website-dir/zerver/MyAPI.js\n// this runs on the server\nexports.logStuff = function (str) {\n    console.log(str); // \'hi from client\'\n    callback(\'hi from server\');\n};\n```\n\n```html\n<!-- in website-dir/index.html -->\n<!-- this runs in the browser -->\n<script src="zerver/MyAPI.js"></script>\n<script>\n    MyAPI.logStuff(\'hi from client\', function (str) {\n        console.log(str); // "hi from server"\n    });\n</script>\n```\n\n```sh\n# run the server\nzerver website-dir\n# go to http://localhost:8888/ to view the magic\n```\n\n### What just happened?\n\n`MyAPI.logStuff` automatically serializes the arguments of the function call and makes an AJAX request to the server. The server runs the function in `website-dir/zerver/MyAPI.js` and responds to the client in a similar way.\n\nAny amount of arguments can be used in the function calls as long as they are JSON stringify-able (with the exception of the callback function).\n\nNote: any server code in a subdirectory of `website-dir/zerver` will not be available for import on the client allowing for libraries of private server functionality.\n\n### Require syntax\n\n```html\n<!-- in website-dir/index.html -->\n<script src="/zerver/require.js"></script>\n<script>\n    var MyAPI = require(\'MyAPI\');\n    MyAPI.logStuff(\'hi from client\', function (str) {\n        console.log(str); // "hi from server"\n    });\n</script>\n```\n\n# Tools\n\n### Debug mode\n\n```sh\nzerver -d website-dir\n```\n\nZerver will automatically reload the server modules when any server-side code is edited. This is allows for rapid development and testing of server-side code.\n\n### Auto-refresh mode\n\n```sh\nzerver -dr website-dir\n```\n\nAny webpage being viewed that has a Zerver script on it (`website-dir/index.html`) will automatically refresh when any of its code is edited. You can edit code and immediately see feedback on how it effects your running webapp.\n\n# ExpressJS integration\n\nZerver integrates well with Express, providing the same functionality to any existing webapp.\n\n```js\n// "app" is an ExpressJS app instance\nvar zerver = require(\'zerver\');\napp.use( zerver.middleware(\'path/to/zerver/scripts\', \'url/to/zerve/at\') );\n```\n\nAlong with the rest of your Express app, Zerver scripts will be accessible the specified path (`url/to/zerve/at`) for importing into your client-side code.\n\n# Node module\n\nA convenient tool for testing and server-to-server integration is the NodeJS Zerver module.\n\n```js\nvar zerver = require(\'zerver\');\n\nzerver.get(\'http://localhost:8888/zerver/\', function (myzerver) {\n    myzerver.MyAPI.logStuff(\'hi from another server\', function (str, data) {\n        console.log(str); // "hi from server"\n    });\n});\n```\n\n# Advanced usage\n\n### Zerver options\n\n```sh\n# run server on a different port\nzerver --port=8000 website-dir\n```\n\n```sh\n# automatically append a comment timestamp whenever\n# a HTML5 cache.manifest is requested\nzerver -d --manifest=path/to/cache.manifest website-dir\n\n# in production mode this will always have\n# the timestamp of the time of deploy\nzerver --manifest=path/to/cache.manifest website-dir\n```\n\n### Default options\n\nYou can specify default options in an environment variable,\nto avoid having to type them every time\n```sh\nexport ZERVER_FLAGS=\'-drl\'\n```\n\n### Cross origin\n\nZerver can automatically make a script available to multiple host origins. This is especially useful if you are including a Zerver script from a subdomain of your webapp.\n\n```js\n// in website-dir/zerver/MyAPI.js\n\n// all any website to include your zerver script\nexports._crossOrigin = \'*\';\n```\n\nThe value of `exports._crossOrigin` is exactly what will be served as the `Allow-Access-Control-Origin` header for cross origin requests if acceptable.\n\n### Script names\n\nZerver scripts can be globalised on the client under whatever name you please. If you are afraid of object name collisions simply define the query argument `name` for the script and it will be globalised as such.\n\n```html\n<!-- in website-dir/index.html -->\n<script src="zerver/MyAPI.js?name=SomeOtherAPI"></script>\n<script>\n    SomeOtherAPI.logStuff(\'hi from client\', function (str) {\n        console.log(str); // "hi from server"\n    });\n</script>\n```\n### Error handling\n\n```html\n<!-- in website-dir/index.html -->\n<script src="zerver/MyAPI.js"></script>\n<script>\n    MyAPI.logStuff(\'hi from client\', function (str) {\n        // this === MyAPI\n        console.log(str); // "hi from server"\n    }).error(function (err) {\n        // this === MyAPI\n        console.log(err); // error string explaining failure\n    });\n</script>\n```\n\n# Example apps\n\n[Basic app](https://github.com/jairajs89/zerver/tree/master/examples/basic-app)\n\n[Express app](https://github.com/jairajs89/zerver/tree/master/examples/express-app)\n',
138 silly resolved     readmeFilename: 'README.md',
138 silly resolved     bugs: { url: 'https://github.com/jairajs89/zerver/issues' },
138 silly resolved     _id: 'zerver@0.11.5',
138 silly resolved     dist: { shasum: 'ae89489096a726ebb171df26542e1b0506ead5f3' },
138 silly resolved     _from: 'zerver@',
138 silly resolved     _resolved: 'https://registry.npmjs.org/zerver/-/zerver-0.11.5.tgz' } ]
139 info install zerver@0.11.5 into /usr/local/lib
140 info installOne zerver@0.11.5
141 warn engine zerver@0.11.5: wanted: {"node":"0.8.x"} (current: {"node":"v0.10.9","npm":"1.2.24"})
142 verbose from cache /Users/robinsharma/.npm/zerver/0.11.5/package/package.json
143 info /usr/local/lib/node_modules/zerver unbuild
144 verbose read json /usr/local/lib/node_modules/zerver/package.json
145 info preuninstall zerver@0.11.3
146 info uninstall zerver@0.11.3
147 verbose true,/usr/local/lib/node_modules,/usr/local/lib/node_modules unbuild zerver@0.11.3
148 verbose /usr/local/bin,[object Object] binRoot
149 info /usr/local/lib/node_modules/zerver unbuild
150 verbose read json /usr/local/lib/node_modules/zerver/package.json
151 info preuninstall zerver@0.11.3
152 info uninstall zerver@0.11.3
153 verbose true,/usr/local/lib/node_modules,/usr/local/lib/node_modules unbuild zerver@0.11.3
154 verbose /usr/local/bin,[object Object] binRoot
155 error error rolling back Error: EACCES, unlink '/usr/local/bin/zerver'
155 error error rolling back  zerver@0.11.5 { [Error: EACCES, unlink '/usr/local/bin/zerver'] errno: 3, code: 'EACCES', path: '/usr/local/bin/zerver' }
156 error Error: EACCES, unlink '/usr/local/bin/zerver'
156 error  { [Error: EACCES, unlink '/usr/local/bin/zerver'] errno: 3, code: 'EACCES', path: '/usr/local/bin/zerver' }
157 error Please try running this command again as root/Administrator.
158 error System Darwin 12.3.0
159 error command "node" "/usr/local/bin/npm" "install" "-g" "zerver"
160 error cwd /Users/robinsharma/KIKCARD
161 error node -v v0.10.9
162 error npm -v 1.2.24
163 error path /usr/local/bin/zerver
164 error code EACCES
165 error errno 3
166 error stack Error: EACCES, unlink '/usr/local/bin/zerver'
167 verbose exit [ 3, true ]
